2022-07-12T17:03:02+00:00 CRITICAL Uncaught TypeError: call_user_func(): Argument #1 ($function) must be a valid callback, non-static method Astra_Builder_Header::header_woo_cart() cannot be called statically in C:\MAMP\htdocs\wordpress\wp-includes\customize\class-wp-customize-partial.php:221
Stack trace:
#0 C:\MAMP\htdocs\wordpress\wp-includes\customize\class-wp-customize-selective-refresh.php(371): WP_Customize_Partial->render(Array)
#1 C:\MAMP\htdocs\wordpress\wp-includes\class-wp-hook.php(307): WP_Customize_Selective_Refresh->handle_render_partials_request('')
#2 C:\MAMP\htdocs\wordpress\wp-includes\class-wp-hook.php(331): WP_Hook->apply_filters(NULL, Array)
#3 C:\MAMP\htdocs\wordpress\wp-includes\plugin.php(476): WP_Hook->do_action(Array)
#4 C:\MAMP\htdocs\wordpress\wp-includes\template-loader.php(13): do_action('template_redire...')
#5 C:\MAMP\htdocs\wordpress\wp-blog-header.php(19): require_once('C:\\MAMP\\htdocs\\...')
#6 C:\MAMP\htdocs\wordpress\index.php(17): require('C:\\MAMP\\htdocs\\...')
#7 {main}
  thrown in C:\MAMP\htdocs\wordpress\wp-includes\customize\class-wp-customize-partial.php on line 221

2022-07-12T17:03:03+00:00 CRITICAL Uncaught TypeError: call_user_func(): Argument #1 ($function) must be a valid callback, non-static method Astra_Builder_Header::header_woo_cart() cannot be called statically in C:\MAMP\htdocs\wordpress\wp-includes\customize\class-wp-customize-partial.php:221
Stack trace:
#0 C:\MAMP\htdocs\wordpress\wp-includes\customize\class-wp-customize-selective-refresh.php(371): WP_Customize_Partial->render(Array)
#1 C:\MAMP\htdocs\wordpress\wp-includes\class-wp-hook.php(307): WP_Customize_Selective_Refresh->handle_render_partials_request('')
#2 C:\MAMP\htdocs\wordpress\wp-includes\class-wp-hook.php(331): WP_Hook->apply_filters(NULL, Array)
#3 C:\MAMP\htdocs\wordpress\wp-includes\plugin.php(476): WP_Hook->do_action(Array)
#4 C:\MAMP\htdocs\wordpress\wp-includes\template-loader.php(13): do_action('template_redire...')
#5 C:\MAMP\htdocs\wordpress\wp-blog-header.php(19): require_once('C:\\MAMP\\htdocs\\...')
#6 C:\MAMP\htdocs\wordpress\index.php(17): require('C:\\MAMP\\htdocs\\...')
#7 {main}
  thrown in C:\MAMP\htdocs\wordpress\wp-includes\customize\class-wp-customize-partial.php on line 221

